epoch,accuracy,loss,val_accuracy,val_loss
0,0.2076167,1.8717374684476735,0.16165950894355774,1.9983582455712838
1,0.27518427,1.6918594324618066,0.270386278629303,1.4983091946153
2,0.30896807,1.59295874438649,0.20314735174179077,1.9326458748147552
3,0.33169532,1.5231309361774155,0.38054361939430237,1.4244900394406954
4,0.33906633,1.5088241235044138,0.32761088013648987,1.516470756824095
5,0.3495086,1.4862427280927466,0.38483548164367676,1.3553141967762523
6,0.34889436,1.47268364060423,0.4163089990615845,1.2856767440217418
7,0.3820639,1.4331015275210068,0.4134477972984314,1.370421307792991
8,0.40356266,1.4332848444617643,0.46494993567466736,1.2817584966044229
9,0.42690417,1.374885380121648,0.27753934264183044,1.5064307006131938
10,0.42874694,1.382929115682035,0.4520743787288666,1.24742060345471
11,0.4477887,1.3397376756996136,0.47353363037109375,1.4255460695135747
12,0.47358721,1.2829338233066718,0.3390558063983917,1.4699021995664496
13,0.4791155,1.2442227130440002,0.38912731409072876,1.5447042337985168
14,0.49938574,1.219073563008695,0.5922746658325195,1.0898346588846952
15,0.53931206,1.1539222057679948,0.5779685378074646,1.1234608239711439
16,0.53931206,1.1455344077410217,0.4163089990615845,1.551746097671798
17,0.5448403,1.1125746887790484,0.5994277596473694,1.0747399049596555
18,0.54545456,1.1091757807743345,0.633762538433075,1.0458753675179762
19,0.5816953,1.0792012977658678,0.5722460746765137,1.085799051968325
20,0.5730958,1.0570767076653989,0.5278970003128052,1.2436246695436632
21,0.6093366,1.0183695162250603,0.6065808534622192,1.0241643487128065
22,0.6167076,0.9931160334580068,0.5851216316223145,1.1095526497251487
23,0.61240786,0.9754509301970573,0.5464950203895569,1.1158836843800306
24,0.6345209,0.963342827133816,0.5908440351486206,1.0354111639726826
25,0.6228501,0.959236317536169,0.6180257797241211,1.0392680996136263
26,0.6197789,0.9780781547326127,0.6394850015640259,0.9954949318936284
27,0.63820636,0.9287239031943993,0.5965664982795715,1.0397457364461624
28,0.65233415,0.9303644541147593,0.5708154439926147,1.048819585504791
29,0.6455774,0.9158918815104323,0.6180257797241211,1.0107284584782155
30,0.63390666,0.9148740340802242,0.6123033165931702,1.026128582603089
31,0.6492629,0.915869528889949,0.632331907749176,0.9965107039320622
32,0.6504914,0.9287529325602388,0.6537911295890808,0.9789803782757771
33,0.6560196,0.9057882067173061,0.6552217602729797,0.9746313911991911
34,0.6486486,0.8941865986629551,0.6151645183563232,1.007857784010651
35,0.65909094,0.8879786557003087,0.6437768340110779,0.9888717955956302
36,0.64496315,0.8956965902220705,0.6037195920944214,1.0212118720292023
37,0.6695332,0.8745045811304003,0.6251788139343262,0.9917784730593363
38,0.66584766,0.8790668415349591,0.6452074646949768,0.9679983560107809
39,0.66523343,0.8639421140825426,0.6094420552253723,1.0087623646501478
40,0.66461915,0.8742176808361926,0.6638054251670837,0.9734472970935237
41,0.6750614,0.8623907482594764,0.6137338876724243,1.0150569442856807
42,0.6898034,0.8415897945514182,0.6480686664581299,0.9759875638290536
43,0.6818182,0.844483159098051,0.6437768340110779,0.9804763026503535
44,0.6891892,0.8336315097914281,0.6437768340110779,0.9887253301849692
45,0.6904177,0.8527953150231363,0.638054370880127,0.9748387629211546
46,0.69103193,0.8373209680327619,0.6509299278259277,0.987821708762424
47,0.67997545,0.8403078202679937,0.646638035774231,0.9766788567084611
48,0.68611795,0.854780084670908,0.646638035774231,0.9815063734081853
49,0.6898034,0.8451831365686084,0.6480686664581299,0.9843203829593413
50,0.6891892,0.8372924799415344,0.6480686664581299,0.9902945350168089
51,0.6775184,0.8580290828934466,0.6494992971420288,0.9848943735567456
52,0.6836609,0.837441344665368,0.6437768340110779,0.9764389423853338
53,0.6775184,0.8523053547381183,0.6437768340110779,0.9835669095594655
54,0.6867322,0.8418947168298669,0.6452074646949768,0.9784687198964993
55,0.6830467,0.8408038704781919,0.638054370880127,0.9894560789516215
56,0.7039312,0.8263488376755679,0.646638035774231,0.9790237431703548
57,0.68734646,0.8361677537679086,0.6452074646949768,0.9789097458337339
58,0.6812039,0.8499838923646426,0.6351931095123291,0.9864689214887878
59,0.6867322,0.8337547754186962,0.6523604989051819,0.9813323166748996
60,0.6965602,0.8283318111293146,0.6523604989051819,0.9797539720378379
61,0.68611795,0.8204942187454543,0.6537911295890808,0.9851731282788114
62,0.7027027,0.8078685300356048,0.6523604989051819,0.9829285039069485
63,0.69963145,0.8106247851538131,0.6523604989051819,0.979877976559433
64,0.68734646,0.8205068421891046,0.6494992971420288,0.9811408885558788
65,0.68550366,0.8404643736248814,0.6452074646949768,0.9835895961616854
66,0.6977887,0.8275844402043767,0.6509299278259277,0.9819748512494547
67,0.6891892,0.8474744406027641,0.6437768340110779,0.9811439156873373
68,0.6916462,0.8293367871781239,0.6480686664581299,0.9814982237733997
69,0.6867322,0.847420483461469,0.6494992971420288,0.9812003139603632
70,0.7002457,0.8131506279001072,0.6509299278259277,0.9815990599951518
71,0.6977887,0.8059537848617873,0.642346203327179,0.981959627762714
72,0.6898034,0.8244818794639456,0.6480686664581299,0.9818360426054151
73,0.6867322,0.8424564080097752,0.6494992971420288,0.9817319861126901
74,0.69348896,0.8402289354244673,0.6494992971420288,0.9815622483711898
75,0.69287467,0.8177952622898673,0.646638035774231,0.9817157121686977
76,0.6959459,0.8206686194464381,0.6452074646949768,0.9814862080227493
77,0.6812039,0.8390748780541104,0.6437768340110779,0.9808997868297779
78,0.6965602,0.7955899796556196,0.6509299278259277,0.9811149251478083
79,0.68488944,0.8342321875347259,0.6509299278259277,0.9819711944746528
80,0.6977887,0.831845578895447,0.6494992971420288,0.9823953634679573
81,0.69840294,0.8250447905620134,0.6523604989051819,0.9820345983825869
82,0.68734646,0.8447075742468494,0.6509299278259277,0.9818846708715218
83,0.69287467,0.834056903308381,0.6494992971420288,0.9821755339488792
84,0.7100737,0.8002420435373555,0.6509299278259277,0.9820377008086111
85,0.6879607,0.8276372395217858,0.6480686664581299,0.9817200097573844
86,0.6904177,0.8296104318093902,0.6509299278259277,0.9818919932893417
87,0.6836609,0.8269310332926251,0.6494992971420288,0.9816722335221941
88,0.7027027,0.816961447056154,0.6452074646949768,0.9815955258404918
89,0.7020885,0.8221285228207891,0.6480686664581299,0.9814753326053101
90,0.6941032,0.8235693628137762,0.6480686664581299,0.9816890396444241
91,0.6941032,0.8284422922192979,0.646638035774231,0.981434443222095
92,0.6916462,0.8203832864468455,0.646638035774231,0.9814165799061798
93,0.7033169,0.8265878230845899,0.646638035774231,0.9814036595974869
94,0.7051597,0.8210552961586148,0.646638035774231,0.9814448027481166
95,0.6904177,0.8340998621479007,0.6494992971420288,0.9815422528462008
96,0.69471747,0.8303008989707844,0.6494992971420288,0.9814031614425015
97,0.68550366,0.8333809495850921,0.6494992971420288,0.9813765551740349
98,0.6867322,0.8309392716726448,0.6494992971420288,0.9813633317258396
99,0.6965602,0.8228375081348185,0.6494992971420288,0.9813898921183422
